  adding: multi-mouse-demo-v0.3/ (stored 0%)
  adding: multi-mouse-demo-v0.3/project.godot (deflated 69%)
  adding: multi-mouse-demo-v0.3/pong/ (stored 0%)
  adding: multi-mouse-demo-v0.3/pong/ball.png (deflated 6%)
  adding: multi-mouse-demo-v0.3/pong/pong.tscn (deflated 70%)
  adding: multi-mouse-demo-v0.3/pong/paddle.png (deflated 30%)
  adding: multi-mouse-demo-v0.3/pong/ball.tscn (deflated 52%)
  adding: multi-mouse-demo-v0.3/pong/pong.gd (deflated 71%)
  adding: multi-mouse-demo-v0.3/pong/README.md (deflated 47%)
  adding: multi-mouse-demo-v0.3/pong/ball.gd (deflated 49%)
  adding: multi-mouse-demo-v0.3/slime/ (stored 0%)
  adding: multi-mouse-demo-v0.3/slime/slime_demo.tscn (deflated 51%)
  adding: multi-mouse-demo-v0.3/slime/ooz_slime.png (deflated 7%)
  adding: multi-mouse-demo-v0.3/slime/README.md (deflated 45%)
  adding: multi-mouse-demo-v0.3/slime/slime_demo.gd (deflated 73%)
  adding: multi-mouse-demo-v0.3/addons/ (stored 0%)
  adding: multi-mouse-demo-v0.3/addons/multi_mouse/ (stored 0%)
  adding: multi-mouse-demo-v0.3/addons/multi_mouse/plugin.cfg (deflated 21%)
  adding: multi-mouse-demo-v0.3/addons/multi_mouse/bin/ (stored 0%)
  adding: multi-mouse-demo-v0.3/addons/multi_mouse/bin/multi_mouse.gdextension (deflated 70%)
  adding: multi-mouse-demo-v0.3/addons/multi_mouse/bin/win64/ (stored 0%)
  adding: multi-mouse-demo-v0.3/addons/multi_mouse/bin/win64/libmulti_mouse.windows.template_debug.x86_64.dll (deflated 57%)
  adding: multi-mouse-demo-v0.3/addons/multi_mouse/bin/win64/libmulti_mouse.windows.template_release.x86_64.dll (deflated 57%)
  adding: multi-mouse-demo-v0.3/addons/multi_mouse/bin/linux/ (stored 0%)
  adding: multi-mouse-demo-v0.3/addons/multi_mouse/bin/linux/libmulti_mouse.linux.template_debug.x86_64.so (deflated 73%)
  adding: multi-mouse-demo-v0.3/addons/multi_mouse/bin/linux/libmulti_mouse.linux.template_release.x86_64.so (deflated 72%)
  adding: multi-mouse-demo-v0.3/addons/multi_mouse/icon.png (deflated 0%)
  adding: multi-mouse-demo-v0.3/addons/multi_mouse/multi_mouse_manager.gd (deflated 69%)
  adding: multi-mouse-demo-v0.3/addons/multi_mouse/plugin.gd (stored 0%)
  adding: multi-mouse-demo-v0.3/addons/multi_mouse/README.md (deflated 45%)
  adding: multi-mouse-demo-v0.3/simple/ (stored 0%)
  adding: multi-mouse-demo-v0.3/simple/demo.tscn (deflated 48%)
  adding: multi-mouse-demo-v0.3/simple/demo.gd (deflated 67%)
  adding: multi-mouse-demo-v0.3/simple/README.md (deflated 44%)
